Arguments: 
  /Users/taariq/.nvm/versions/node/v12.13.1/bin/node /usr/local/Cellar/yarn/1.22.4/libexec/bin/yarn.js add @cosmwasm

PATH: 
  /usr/local/opt/python@3.8/bin:/Users/taariq/.sdkman/candidates/java/current/bin:/usr/local/opt/curl/bin:/Users/taariq/.cargo/bin:/usr/local/opt/protobuf@3.1/bin:/Users/taariq/dev/google-cloud-sdk/bin:/usr/local/opt/asdf/shims:/usr/local/opt/asdf/bin:/Users/taariq/.nvm/versions/node/v12.13.1/bin:/Users/taariq/.poetry/bin:/usr/local/git/bin:/sw/bin:/usr/local/bin:/usr/local:/usr/local/sbin:/usr/local/mysql/bin::/usr/local/bin:/usr/bin:/bin:/usr/sbin:/sbin:/opt/X11/bin:/usr/local/bin:/Users/taariq/dev/didit-cli-client:/usr/local/packer:/Users/taariq/dev/maven3.3/bin:/usr/local/bin:/usr/local/go/bin:/Users/taariq/dev/didit-cli-client:/Users/taariq/dev/openshift-origin-client-tools-v1.3.0-alpha.1-6e83535-mac:/Users/taariq/gocode/bin:/Users/taariq/dev/Android/sdk/tools:/Users/taariq/dev/Android/sdk/platform-tools:/Users/taariq/dev:/Users/taariq/istio-1.0.1/bin:/Library/Java/JavaVirtualMachines/jdk1.8.0_172.jdk/Contents/Home/bin:/usr/local/bin/gitlab-runner:/Users/taariq/.linkerd2/bin

Yarn version: 
  1.22.4

Node version: 
  12.13.1

Platform: 
  darwin x64

Trace: 
  Error: https://registry.yarnpkg.com/@cosmwasm: Request "https://registry.yarnpkg.com/@cosmwasm" returned a 405
      at Request.params.callback [as _callback] (/usr/local/Cellar/yarn/1.22.4/libexec/lib/cli.js:66996:18)
      at Request.self.callback (/usr/local/Cellar/yarn/1.22.4/libexec/lib/cli.js:140748:22)
      at Request.emit (events.js:210:5)
      at Request.<anonymous> (/usr/local/Cellar/yarn/1.22.4/libexec/lib/cli.js:141720:10)
      at Request.emit (events.js:210:5)
      at IncomingMessage.<anonymous> (/usr/local/Cellar/yarn/1.22.4/libexec/lib/cli.js:141642:12)
      at Object.onceWrapper (events.js:299:28)
      at IncomingMessage.emit (events.js:215:7)
      at endReadableNT (_stream_readable.js:1184:12)
      at processTicksAndRejections (internal/process/task_queues.js:80:21)

npm manifest: 
  {
    "dependencies": {
      "dotenv": "^8.2.0"
    }
  }

yarn manifest: 
  No manifest

Lockfile: 
  # THIS IS AN AUTOGENERATED FILE. DO NOT EDIT THIS FILE DIRECTLY.
  # yarn lockfile v1
  
  
  dotenv@^8.2.0:
    version "8.2.0"
    resolved "https://registry.yarnpkg.com/dotenv/-/dotenv-8.2.0.tgz#97e619259ada750eea3e4ea3e26bceea5424b16a"
    integrity sha512-8sJ78ElpbDJBHNeBzUbUVLsqKdccaa/BXF1uPTw3GrvQTBgrQrtObr2mUrE38vzYd8cEv+m/JBfDLioYcfXoaw==
